D:\DOCUMENTS\MY DOCUMENTS\ACADEMIC\CS3215\ASSIGNMENTS\PROJECT\SPAINTERFACE\DEBUG\.NETFRAMEWORK,VERSION=V4.0.ASSEMBLYATTRIBUTES.OBJ
D:\DOCUMENTS\MY DOCUMENTS\ACADEMIC\CS3215\ASSIGNMENTS\PROJECT\SPAINTERFACE\DEBUG\APP.RES
D:\DOCUMENTS\MY DOCUMENTS\ACADEMIC\CS3215\ASSIGNMENTS\PROJECT\SPAINTERFACE\DEBUG\ASSEMBLYINFO.OBJ
D:\DOCUMENTS\MY DOCUMENTS\ACADEMIC\CS3215\ASSIGNMENTS\PROJECT\SPAINTERFACE\DEBUG\AST.OBJ
D:\DOCUMENTS\MY DOCUMENTS\ACADEMIC\CS3215\ASSIGNMENTS\PROJECT\SPAINTERFACE\DEBUG\CFG.OBJ
D:\Documents\My Documents\Academic\CS3215\Assignments\Project\SPAInterface\Debug\cl.command.1.tlog
D:\Documents\My Documents\Academic\CS3215\Assignments\Project\SPAInterface\Debug\CL.read.1.tlog
D:\Documents\My Documents\Academic\CS3215\Assignments\Project\SPAInterface\Debug\CL.write.1.tlog
D:\DOCUMENTS\MY DOCUMENTS\ACADEMIC\CS3215\ASSIGNMENTS\PROJECT\SPAINTERFACE\DEBUG\CONSTANTTABLE.OBJ
D:\DOCUMENTS\MY DOCUMENTS\ACADEMIC\CS3215\ASSIGNMENTS\PROJECT\SPAINTERFACE\DEBUG\CONVERTOR.OBJ
D:\DOCUMENTS\MY DOCUMENTS\ACADEMIC\CS3215\ASSIGNMENTS\PROJECT\SPAINTERFACE\DEBUG\DATABASE.OBJ
D:\Documents\My Documents\Academic\CS3215\Assignments\Project\SPAInterface\Debug\GenerateResource.read.1.tlog
D:\Documents\My Documents\Academic\CS3215\Assignments\Project\SPAInterface\Debug\GenerateResource.write.1.tlog
D:\Documents\My Documents\Academic\CS3215\Assignments\Project\SPAInterface\Debug\link.5392.read.1.tlog
D:\Documents\My Documents\Academic\CS3215\Assignments\Project\SPAInterface\Debug\link.5392.write.1.tlog
D:\Documents\My Documents\Academic\CS3215\Assignments\Project\SPAInterface\Debug\link.5392-cvtres.read.1.tlog
D:\Documents\My Documents\Academic\CS3215\Assignments\Project\SPAInterface\Debug\link.5392-cvtres.write.1.tlog
D:\Documents\My Documents\Academic\CS3215\Assignments\Project\SPAInterface\Debug\link.command.1.tlog
D:\Documents\My Documents\Academic\CS3215\Assignments\Project\SPAInterface\Debug\link.read.1.tlog
D:\Documents\My Documents\Academic\CS3215\Assignments\Project\SPAInterface\Debug\link.write.1.tlog
D:\DOCUMENTS\MY DOCUMENTS\ACADEMIC\CS3215\ASSIGNMENTS\PROJECT\SPAINTERFACE\DEBUG\MODIFIES.OBJ
D:\Documents\My Documents\Academic\CS3215\Assignments\Project\SPAInterface\Debug\mt.command.1.tlog
D:\Documents\My Documents\Academic\CS3215\Assignments\Project\SPAInterface\Debug\mt.read.1.tlog
D:\Documents\My Documents\Academic\CS3215\Assignments\Project\SPAInterface\Debug\mt.write.1.tlog
D:\DOCUMENTS\MY DOCUMENTS\ACADEMIC\CS3215\ASSIGNMENTS\PROJECT\SPAINTERFACE\DEBUG\NEWSTUFF.OBJ
D:\DOCUMENTS\MY DOCUMENTS\ACADEMIC\CS3215\ASSIGNMENTS\PROJECT\SPAINTERFACE\DEBUG\NODE.OBJ
D:\DOCUMENTS\MY DOCUMENTS\ACADEMIC\CS3215\ASSIGNMENTS\PROJECT\SPAINTERFACE\DEBUG\PARSER.OBJ
D:\DOCUMENTS\MY DOCUMENTS\ACADEMIC\CS3215\ASSIGNMENTS\PROJECT\SPAINTERFACE\DEBUG\PATTERN.OBJ
D:\DOCUMENTS\MY DOCUMENTS\ACADEMIC\CS3215\ASSIGNMENTS\PROJECT\SPAINTERFACE\DEBUG\PKB.OBJ
D:\DOCUMENTS\MY DOCUMENTS\ACADEMIC\CS3215\ASSIGNMENTS\PROJECT\SPAINTERFACE\DEBUG\PKBEXCEPTION.OBJ
D:\DOCUMENTS\MY DOCUMENTS\ACADEMIC\CS3215\ASSIGNMENTS\PROJECT\SPAINTERFACE\DEBUG\PQLPARSER.OBJ
D:\DOCUMENTS\MY DOCUMENTS\ACADEMIC\CS3215\ASSIGNMENTS\PROJECT\SPAINTERFACE\DEBUG\PQLPREPROCESSOR.OBJ
D:\DOCUMENTS\MY DOCUMENTS\ACADEMIC\CS3215\ASSIGNMENTS\PROJECT\SPAINTERFACE\DEBUG\PROCTABLE.OBJ
D:\DOCUMENTS\MY DOCUMENTS\ACADEMIC\CS3215\ASSIGNMENTS\PROJECT\SPAINTERFACE\DEBUG\QUERYEVALUATOR.OBJ
D:\DOCUMENTS\MY DOCUMENTS\ACADEMIC\CS3215\ASSIGNMENTS\PROJECT\SPAINTERFACE\DEBUG\QUERYRESULT.OBJ
D:\DOCUMENTS\MY DOCUMENTS\ACADEMIC\CS3215\ASSIGNMENTS\PROJECT\SPAINTERFACE\DEBUG\QUERYTABLE.OBJ
D:\Documents\My Documents\Academic\CS3215\Assignments\Project\SPAInterface\Debug\rc.command.1.tlog
D:\Documents\My Documents\Academic\CS3215\Assignments\Project\SPAInterface\Debug\rc.read.1.tlog
D:\Documents\My Documents\Academic\CS3215\Assignments\Project\SPAInterface\Debug\rc.write.1.tlog
D:\DOCUMENTS\MY DOCUMENTS\ACADEMIC\CS3215\ASSIGNMENTS\PROJECT\SPAINTERFACE\DEBUG\SPAINTERFACE.EXE
D:\DOCUMENTS\MY DOCUMENTS\ACADEMIC\CS3215\ASSIGNMENTS\PROJECT\SPAINTERFACE\DEBUG\SPAINTERFACE.EXE.INTERMEDIATE.MANIFEST
D:\DOCUMENTS\MY DOCUMENTS\ACADEMIC\CS3215\ASSIGNMENTS\PROJECT\SPAINTERFACE\DEBUG\SPAINTERFACE.FORM1.RESOURCES
D:\DOCUMENTS\MY DOCUMENTS\ACADEMIC\CS3215\ASSIGNMENTS\PROJECT\SPAINTERFACE\DEBUG\SPAINTERFACE.ILK
D:\DOCUMENTS\MY DOCUMENTS\ACADEMIC\CS3215\ASSIGNMENTS\PROJECT\SPAINTERFACE\DEBUG\SPAINTERFACE.OBJ
D:\DOCUMENTS\MY DOCUMENTS\ACADEMIC\CS3215\ASSIGNMENTS\PROJECT\SPAINTERFACE\DEBUG\SPAINTERFACE.PCH
D:\DOCUMENTS\MY DOCUMENTS\ACADEMIC\CS3215\ASSIGNMENTS\PROJECT\SPAINTERFACE\DEBUG\SPAINTERFACE.PDB
D:\Documents\My Documents\Academic\CS3215\Assignments\Project\SPAInterface\Debug\SPAInterface.write.1.tlog
D:\DOCUMENTS\MY DOCUMENTS\ACADEMIC\CS3215\ASSIGNMENTS\PROJECT\SPAINTERFACE\DEBUG\STDAFX.OBJ
D:\DOCUMENTS\MY DOCUMENTS\ACADEMIC\CS3215\ASSIGNMENTS\PROJECT\SPAINTERFACE\DEBUG\SYMBOLTABLE.OBJ
D:\DOCUMENTS\MY DOCUMENTS\ACADEMIC\CS3215\ASSIGNMENTS\PROJECT\SPAINTERFACE\DEBUG\TOKENIZER.OBJ
D:\DOCUMENTS\MY DOCUMENTS\ACADEMIC\CS3215\ASSIGNMENTS\PROJECT\SPAINTERFACE\DEBUG\TOKENLIST.OBJ
D:\DOCUMENTS\MY DOCUMENTS\ACADEMIC\CS3215\ASSIGNMENTS\PROJECT\SPAINTERFACE\DEBUG\TUPLEOPERATIONS.OBJ
D:\DOCUMENTS\MY DOCUMENTS\ACADEMIC\CS3215\ASSIGNMENTS\PROJECT\SPAINTERFACE\DEBUG\USES.OBJ
D:\DOCUMENTS\MY DOCUMENTS\ACADEMIC\CS3215\ASSIGNMENTS\PROJECT\SPAINTERFACE\DEBUG\VALIDATOR.OBJ
D:\DOCUMENTS\MY DOCUMENTS\ACADEMIC\CS3215\ASSIGNMENTS\PROJECT\SPAINTERFACE\DEBUG\VARTABLE.OBJ
D:\DOCUMENTS\MY DOCUMENTS\ACADEMIC\CS3215\ASSIGNMENTS\PROJECT\SPAINTERFACE\DEBUG\VC100.PDB
