D:\DOCUMENTS\MY DOCUMENTS\ACADEMIC\CS3215\ASSIGNMENTS\PROJECT\SPA-UI\DEBUG\.NETFRAMEWORK,VERSION=V4.0.ASSEMBLYATTRIBUTES.OBJ
D:\DOCUMENTS\MY DOCUMENTS\ACADEMIC\CS3215\ASSIGNMENTS\PROJECT\SPA-UI\DEBUG\APP.RES
D:\DOCUMENTS\MY DOCUMENTS\ACADEMIC\CS3215\ASSIGNMENTS\PROJECT\SPA-UI\DEBUG\ASSEMBLYINFO.OBJ
D:\Documents\My Documents\Academic\CS3215\Assignments\Project\SPA-UI\Debug\cl.command.1.tlog
D:\Documents\My Documents\Academic\CS3215\Assignments\Project\SPA-UI\Debug\CL.read.1.tlog
D:\Documents\My Documents\Academic\CS3215\Assignments\Project\SPA-UI\Debug\CL.write.1.tlog
D:\Documents\My Documents\Academic\CS3215\Assignments\Project\SPA-UI\Debug\GenerateResource.read.1.tlog
D:\Documents\My Documents\Academic\CS3215\Assignments\Project\SPA-UI\Debug\GenerateResource.read.12.tlog
D:\Documents\My Documents\Academic\CS3215\Assignments\Project\SPA-UI\Debug\GenerateResource.read.80.tlog
D:\Documents\My Documents\Academic\CS3215\Assignments\Project\SPA-UI\Debug\GenerateResource.read.9.tlog
D:\Documents\My Documents\Academic\CS3215\Assignments\Project\SPA-UI\Debug\GenerateResource.write.1.tlog
D:\Documents\My Documents\Academic\CS3215\Assignments\Project\SPA-UI\Debug\GenerateResource.write.12.tlog
D:\Documents\My Documents\Academic\CS3215\Assignments\Project\SPA-UI\Debug\GenerateResource.write.80.tlog
D:\Documents\My Documents\Academic\CS3215\Assignments\Project\SPA-UI\Debug\GenerateResource.write.9.tlog
D:\Documents\My Documents\Academic\CS3215\Assignments\Project\SPA-UI\Debug\link.2532.read.1.tlog
D:\Documents\My Documents\Academic\CS3215\Assignments\Project\SPA-UI\Debug\link.2532.write.1.tlog
D:\Documents\My Documents\Academic\CS3215\Assignments\Project\SPA-UI\Debug\link.2532-cvtres.read.1.tlog
D:\Documents\My Documents\Academic\CS3215\Assignments\Project\SPA-UI\Debug\link.2532-cvtres.write.1.tlog
D:\Documents\My Documents\Academic\CS3215\Assignments\Project\SPA-UI\Debug\link.3832.read.1.tlog
D:\Documents\My Documents\Academic\CS3215\Assignments\Project\SPA-UI\Debug\link.3832.write.1.tlog
D:\Documents\My Documents\Academic\CS3215\Assignments\Project\SPA-UI\Debug\link.3832-cvtres.read.1.tlog
D:\Documents\My Documents\Academic\CS3215\Assignments\Project\SPA-UI\Debug\link.3832-cvtres.write.1.tlog
D:\Documents\My Documents\Academic\CS3215\Assignments\Project\SPA-UI\Debug\link.432.read.1.tlog
D:\Documents\My Documents\Academic\CS3215\Assignments\Project\SPA-UI\Debug\link.432.write.1.tlog
D:\Documents\My Documents\Academic\CS3215\Assignments\Project\SPA-UI\Debug\link.432-cvtres.read.1.tlog
D:\Documents\My Documents\Academic\CS3215\Assignments\Project\SPA-UI\Debug\link.432-cvtres.write.1.tlog
D:\Documents\My Documents\Academic\CS3215\Assignments\Project\SPA-UI\Debug\link.4568.read.1.tlog
D:\Documents\My Documents\Academic\CS3215\Assignments\Project\SPA-UI\Debug\link.4568.write.1.tlog
D:\Documents\My Documents\Academic\CS3215\Assignments\Project\SPA-UI\Debug\link.4568-cvtres.read.1.tlog
D:\Documents\My Documents\Academic\CS3215\Assignments\Project\SPA-UI\Debug\link.4568-cvtres.write.1.tlog
D:\Documents\My Documents\Academic\CS3215\Assignments\Project\SPA-UI\Debug\link.4664.read.1.tlog
D:\Documents\My Documents\Academic\CS3215\Assignments\Project\SPA-UI\Debug\link.4664.write.1.tlog
D:\Documents\My Documents\Academic\CS3215\Assignments\Project\SPA-UI\Debug\link.4664-cvtres.read.1.tlog
D:\Documents\My Documents\Academic\CS3215\Assignments\Project\SPA-UI\Debug\link.4664-cvtres.write.1.tlog
D:\Documents\My Documents\Academic\CS3215\Assignments\Project\SPA-UI\Debug\link.4824.read.1.tlog
D:\Documents\My Documents\Academic\CS3215\Assignments\Project\SPA-UI\Debug\link.4824.write.1.tlog
D:\Documents\My Documents\Academic\CS3215\Assignments\Project\SPA-UI\Debug\link.4824-cvtres.read.1.tlog
D:\Documents\My Documents\Academic\CS3215\Assignments\Project\SPA-UI\Debug\link.4824-cvtres.write.1.tlog
D:\Documents\My Documents\Academic\CS3215\Assignments\Project\SPA-UI\Debug\link.5168.read.1.tlog
D:\Documents\My Documents\Academic\CS3215\Assignments\Project\SPA-UI\Debug\link.5168.write.1.tlog
D:\Documents\My Documents\Academic\CS3215\Assignments\Project\SPA-UI\Debug\link.5168-cvtres.read.1.tlog
D:\Documents\My Documents\Academic\CS3215\Assignments\Project\SPA-UI\Debug\link.5168-cvtres.write.1.tlog
D:\Documents\My Documents\Academic\CS3215\Assignments\Project\SPA-UI\Debug\link.5208.read.1.tlog
D:\Documents\My Documents\Academic\CS3215\Assignments\Project\SPA-UI\Debug\link.5208.write.1.tlog
D:\Documents\My Documents\Academic\CS3215\Assignments\Project\SPA-UI\Debug\link.5208-cvtres.read.1.tlog
D:\Documents\My Documents\Academic\CS3215\Assignments\Project\SPA-UI\Debug\link.5208-cvtres.write.1.tlog
D:\Documents\My Documents\Academic\CS3215\Assignments\Project\SPA-UI\Debug\link.5264.read.1.tlog
D:\Documents\My Documents\Academic\CS3215\Assignments\Project\SPA-UI\Debug\link.5264.write.1.tlog
D:\Documents\My Documents\Academic\CS3215\Assignments\Project\SPA-UI\Debug\link.5264-cvtres.read.1.tlog
D:\Documents\My Documents\Academic\CS3215\Assignments\Project\SPA-UI\Debug\link.5264-cvtres.write.1.tlog
D:\Documents\My Documents\Academic\CS3215\Assignments\Project\SPA-UI\Debug\link.5668.read.1.tlog
D:\Documents\My Documents\Academic\CS3215\Assignments\Project\SPA-UI\Debug\link.5668.write.1.tlog
D:\Documents\My Documents\Academic\CS3215\Assignments\Project\SPA-UI\Debug\link.5668-cvtres.read.1.tlog
D:\Documents\My Documents\Academic\CS3215\Assignments\Project\SPA-UI\Debug\link.5668-cvtres.write.1.tlog
D:\Documents\My Documents\Academic\CS3215\Assignments\Project\SPA-UI\Debug\link.5812.read.1.tlog
D:\Documents\My Documents\Academic\CS3215\Assignments\Project\SPA-UI\Debug\link.5812.write.1.tlog
D:\Documents\My Documents\Academic\CS3215\Assignments\Project\SPA-UI\Debug\link.5812-cvtres.read.1.tlog
D:\Documents\My Documents\Academic\CS3215\Assignments\Project\SPA-UI\Debug\link.5812-cvtres.write.1.tlog
D:\Documents\My Documents\Academic\CS3215\Assignments\Project\SPA-UI\Debug\link.6052.read.1.tlog
D:\Documents\My Documents\Academic\CS3215\Assignments\Project\SPA-UI\Debug\link.6052.write.1.tlog
D:\Documents\My Documents\Academic\CS3215\Assignments\Project\SPA-UI\Debug\link.6052-cvtres.read.1.tlog
D:\Documents\My Documents\Academic\CS3215\Assignments\Project\SPA-UI\Debug\link.6052-cvtres.write.1.tlog
D:\Documents\My Documents\Academic\CS3215\Assignments\Project\SPA-UI\Debug\link.command.1.tlog
D:\Documents\My Documents\Academic\CS3215\Assignments\Project\SPA-UI\Debug\link.read.1.tlog
D:\Documents\My Documents\Academic\CS3215\Assignments\Project\SPA-UI\Debug\link.write.1.tlog
D:\Documents\My Documents\Academic\CS3215\Assignments\Project\SPA-UI\Debug\mt.command.1.tlog
D:\Documents\My Documents\Academic\CS3215\Assignments\Project\SPA-UI\Debug\mt.read.1.tlog
D:\Documents\My Documents\Academic\CS3215\Assignments\Project\SPA-UI\Debug\mt.write.1.tlog
D:\Documents\My Documents\Academic\CS3215\Assignments\Project\SPA-UI\Debug\rc.command.1.tlog
D:\Documents\My Documents\Academic\CS3215\Assignments\Project\SPA-UI\Debug\rc.read.1.tlog
D:\Documents\My Documents\Academic\CS3215\Assignments\Project\SPA-UI\Debug\rc.write.1.tlog
D:\DOCUMENTS\MY DOCUMENTS\ACADEMIC\CS3215\ASSIGNMENTS\PROJECT\SPA-UI\DEBUG\SPA-UI.EXE
D:\DOCUMENTS\MY DOCUMENTS\ACADEMIC\CS3215\ASSIGNMENTS\PROJECT\SPA-UI\DEBUG\SPA-UI.EXE.INTERMEDIATE.MANIFEST
D:\DOCUMENTS\MY DOCUMENTS\ACADEMIC\CS3215\ASSIGNMENTS\PROJECT\SPA-UI\DEBUG\SPAUI.FORM1.RESOURCES
D:\DOCUMENTS\MY DOCUMENTS\ACADEMIC\CS3215\ASSIGNMENTS\PROJECT\SPA-UI\DEBUG\SPA-UI.ILK
D:\DOCUMENTS\MY DOCUMENTS\ACADEMIC\CS3215\ASSIGNMENTS\PROJECT\SPA-UI\DEBUG\SPA-UI.OBJ
D:\DOCUMENTS\MY DOCUMENTS\ACADEMIC\CS3215\ASSIGNMENTS\PROJECT\SPA-UI\DEBUG\SPA-UI.PCH
D:\DOCUMENTS\MY DOCUMENTS\ACADEMIC\CS3215\ASSIGNMENTS\PROJECT\SPA-UI\DEBUG\SPA-UI.PDB
D:\Documents\My Documents\Academic\CS3215\Assignments\Project\SPA-UI\Debug\SPA-UI.write.1.tlog
D:\DOCUMENTS\MY DOCUMENTS\ACADEMIC\CS3215\ASSIGNMENTS\PROJECT\SPA-UI\DEBUG\STDAFX.OBJ
D:\DOCUMENTS\MY DOCUMENTS\ACADEMIC\CS3215\ASSIGNMENTS\PROJECT\SPA-UI\DEBUG\VC100.PDB
